<?xml version="1.0" encoding="UTF-8"?>
<!-- Generated by org.testng.reporters.JUnitXMLReporter -->
<testsuite ignored="0" hostname="DESKTOP-S85RN5P" failures="0" tests="5" name="Default test" time="0.358" errors="0" timestamp="2021-07-22T19:53:11 IST">
  <testcase classname="testNG.Include_Exclude" name="a" time="0.061"/>
  <testcase classname="testNG.Include_Exclude" name="b" time="0.016"/>
  <testcase classname="testNG.Include_Exclude" name="c" time="0.013"/>
  <testcase classname="testNG.Include_Exclude" name="d" time="0.01"/>
  <testcase classname="testNG.Include_Exclude" name="e" time="0.012"/>
</testsuite> <!-- Default test -->
