<?xml version="1.0" encoding="UTF-8"?>
<!-- Generated by org.testng.reporters.JUnitXMLReporter -->
<testsuite ignored="2" hostname="DESKTOP-S85RN5P" failures="0" tests="3" name="Test" time="0.597" errors="0" timestamp="2021-07-23T23:10:34 IST">
  <testcase classname="testNG.Include_Exclude" name="c" time="0.052"/>
  <testcase classname="testNG.Include_Exclude" name="d" time="0.019"/>
  <testcase classname="testNG.Include_Exclude" name="e" time="0.018"/>
  <testcase classname="testNG.Include_Exclude" name="a" time="0.0">
    <ignored/>
  </testcase> <!-- a -->
  <testcase classname="testNG.Include_Exclude" name="b" time="0.0">
    <ignored/>
  </testcase> <!-- b -->
</testsuite> <!-- Test -->
