<?xml version="1.0" encoding="UTF-8"?>
<testng-results ignored="2" total="5" passed="3" failed="0" skipped="0">
  <reporter-output>
    <line>
      <![CDATA[method c running]]>
    </line>
    <line>
      <![CDATA[method d running]]>
    </line>
    <line>
      <![CDATA[method e running]]>
    </line>
  </reporter-output>
  <suite started-at="2021-07-23T23:10:33 IST" name="Suite" finished-at="2021-07-23T23:10:33 IST" duration-ms="597">
    <groups>
    </groups>
    <test started-at="2021-07-23T23:10:33 IST" name="Test" finished-at="2021-07-23T23:10:33 IST" duration-ms="597">
      <class name="testNG.Include_Exclude">
        <test-method signature="c()[pri:0, instance:testNG.Include_Exclude@2ddc8ecb]" started-at="2021-07-23T23:10:33 IST" name="c" finished-at="2021-07-23T23:10:33 IST" duration-ms="52" status="PASS">
          <reporter-output>
            <line>
              <![CDATA[method c running]]>
            </line>
          </reporter-output>
        </test-method> <!-- c -->
        <test-method signature="d()[pri:0, instance:testNG.Include_Exclude@2ddc8ecb]" started-at="2021-07-23T23:10:33 IST" name="d" finished-at="2021-07-23T23:10:33 IST" duration-ms="19" status="PASS">
          <reporter-output>
            <line>
              <![CDATA[method d running]]>
            </line>
          </reporter-output>
        </test-method> <!-- d -->
        <test-method signature="e()[pri:0, instance:testNG.Include_Exclude@2ddc8ecb]" started-at="2021-07-23T23:10:33 IST" name="e" finished-at="2021-07-23T23:10:33 IST" duration-ms="18" status="PASS">
          <reporter-output>
            <line>
              <![CDATA[method e running]]>
            </line>
          </reporter-output>
        </test-method> <!-- e -->
      </class> <!-- testNG.Include_Exclude -->
    </test> <!-- Test -->
  </suite> <!-- Suite -->
</testng-results>
